<?xml version="1.0" encoding="UTF-8" standalone="no"?>
<!DOCTYPE log SYSTEM "logger.dtd">
<log>
<record>
  <date>2019-04-02T22:45:12</date>
  <millis>1554237912707</millis>
  <sequence>0</sequence>
  <logger>org.uma.jmetal.util.JMetalLogger</logger>
  <level>INFO</level>
  <class>org.uma.jmetal.util.JMetalLogger</class>
  <method>configureLoggers</method>
  <thread>1</thread>
  <message>Loggers configured with null</message>
</record>
<record>
  <date>2019-04-02T22:45:12</date>
  <millis>1554237912975</millis>
  <sequence>1</sequence>
  <logger>org.uma.jmetal.util.JMetalLogger</logger>
  <level>INFO</level>
  <class>HAIA.ap3.algoritmRunner3AP</class>
  <method>main</method>
  <thread>1</thread>
  <message>Total execution time: 13850ms</message>
</record>
<record>
  <date>2019-04-02T22:45:12</date>
  <millis>1554237912977</millis>
  <sequence>2</sequence>
  <logger>org.uma.jmetal.util.JMetalLogger</logger>
  <level>INFO</level>
  <class>HAIA.ap3.algoritmRunner3AP</class>
  <method>main</method>
  <thread>1</thread>
  <message>Objectives values have been written to file FUN.tsv</message>
</record>
<record>
  <date>2019-04-02T22:45:12</date>
  <millis>1554237912979</millis>
  <sequence>3</sequence>
  <logger>org.uma.jmetal.util.JMetalLogger</logger>
  <level>INFO</level>
  <class>HAIA.ap3.algoritmRunner3AP</class>
  <method>main</method>
  <thread>1</thread>
  <message>Variables values have been written to file VAR.tsv</message>
</record>
</log>
